warning: value assigned to `metrics` is never read
   --> engine/src/runtime.rs:214:21
    |
214 | ...   metrics.total_time_us = total_start.elapsed().as_micros() as u64;
    |       ^^^^^^^^^^^^^^^^^^^^^^^^^^^^^^^^^^^^^^^^^^^^^^^^^^^^^^^^^^^^^^^^
    |
    = help: maybe it is overwritten before being read?
    = note: `#[warn(unused_assignments)]` (part of `#[warn(unused)]`) on by default

warning: `apatheia-engine` (lib) generated 1 warning
    Finished `dev` profile [unoptimized + debuginfo] target(s) in 0.27s
     Running `target/debug/benchmark`
POOL INIT: Failed to read WASM binary for Lua at /home/ojasvkushwah/Documents/BharatQueSt/wasm-runtimes/lua.wasm: No such file or directory (os error 2)
PYTHON IMPORTS:
  micropython_wasm:host_result_cap Func(FuncType { registered_type: RegisteredType { index: VMSharedTypeIndex(16), ty: WasmSubType { is_final: true, supertype: None, composite_type: WasmCompositeType { inner: Func(WasmFuncType { params_results: [I32], params_len: 0, non_i31_gc_ref_params_count: 0, non_i31_gc_ref_results_count: 0 }), shared: false } }, layout: None, .. } })
  micropython_wasm:host_call Func(FuncType { registered_type: RegisteredType { index: VMSharedTypeIndex(14), ty: WasmSubType { is_final: true, supertype: None, composite_type: WasmCompositeType { inner: Func(WasmFuncType { params_results: [I32, I32, I32, I32, I32, I32, I32], params_len: 6, non_i31_gc_ref_params_count: 0, non_i31_gc_ref_results_count: 0 }), shared: false } }, layout: None, .. } })
  wasi_snapshot_preview1:args_get Func(FuncType { registered_type: RegisteredType { index: VMSharedTypeIndex(0), ty: WasmSubType { is_final: true, supertype: None, composite_type: WasmCompositeType { inner: Func(WasmFuncType { params_results: [I32, I32, I32], params_len: 2, non_i31_gc_ref_params_count: 0, non_i31_gc_ref_results_count: 0 }), shared: false } }, layout: None, .. } })
  wasi_snapshot_preview1:args_sizes_get Func(FuncType { registered_type: RegisteredType { index: VMSharedTypeIndex(0), ty: WasmSubType { is_final: true, supertype: None, composite_type: WasmCompositeType { inner: Func(WasmFuncType { params_results: [I32, I32, I32], params_len: 2, non_i31_gc_ref_params_count: 0, non_i31_gc_ref_results_count: 0 }), shared: false } }, layout: None, .. } })
  wasi_snapshot_preview1:environ_get Func(FuncType { registered_type: RegisteredType { index: VMSharedTypeIndex(0), ty: WasmSubType { is_final: true, supertype: None, composite_type: WasmCompositeType { inner: Func(WasmFuncType { params_results: [I32, I32, I32], params_len: 2, non_i31_gc_ref_params_count: 0, non_i31_gc_ref_results_count: 0 }), shared: false } }, layout: None, .. } })
  wasi_snapshot_preview1:environ_sizes_get Func(FuncType { registered_type: RegisteredType { index: VMSharedTypeIndex(0), ty: WasmSubType { is_final: true, supertype: None, composite_type: WasmCompositeType { inner: Func(WasmFuncType { params_results: [I32, I32, I32], params_len: 2, non_i31_gc_ref_params_count: 0, non_i31_gc_ref_results_count: 0 }), shared: false } }, layout: None, .. } })
  wasi_snapshot_preview1:clock_time_get Func(FuncType { registered_type: RegisteredType { index: VMSharedTypeIndex(1), ty: WasmSubType { is_final: true, supertype: None, composite_type: WasmCompositeType { inner: Func(WasmFuncType { params_results: [I32, I64, I32, I32], params_len: 3, non_i31_gc_ref_params_count: 0, non_i31_gc_ref_results_count: 0 }), shared: false } }, layout: None, .. } })
  wasi_snapshot_preview1:fd_close Func(FuncType { registered_type: RegisteredType { index: VMSharedTypeIndex(4), ty: WasmSubType { is_final: true, supertype: None, composite_type: WasmCompositeType { inner: Func(WasmFuncType { params_results: [I32, I32], params_len: 1, non_i31_gc_ref_params_count: 0, non_i31_gc_ref_results_count: 0 }), shared: false } }, layout: None, .. } })
  wasi_snapshot_preview1:fd_fdstat_get Func(FuncType { registered_type: RegisteredType { index: VMSharedTypeIndex(0), ty: WasmSubType { is_final: true, supertype: None, composite_type: WasmCompositeType { inner: Func(WasmFuncType { params_results: [I32, I32, I32], params_len: 2, non_i31_gc_ref_params_count: 0, non_i31_gc_ref_results_count: 0 }), shared: false } }, layout: None, .. } })
  wasi_snapshot_preview1:fd_prestat_get Func(FuncType { registered_type: RegisteredType { index: VMSharedTypeIndex(0), ty: WasmSubType { is_final: true, supertype: None, composite_type: WasmCompositeType { inner: Func(WasmFuncType { params_results: [I32, I32, I32], params_len: 2, non_i31_gc_ref_params_count: 0, non_i31_gc_ref_results_count: 0 }), shared: false } }, layout: None, .. } })
  wasi_snapshot_preview1:fd_prestat_dir_name Func(FuncType { registered_type: RegisteredType { index: VMSharedTypeIndex(7), ty: WasmSubType { is_final: true, supertype: None, composite_type: WasmCompositeType { inner: Func(WasmFuncType { params_results: [I32, I32, I32, I32], params_len: 3, non_i31_gc_ref_params_count: 0, non_i31_gc_ref_results_count: 0 }), shared: false } }, layout: None, .. } })
  wasi_snapshot_preview1:fd_read Func(FuncType { registered_type: RegisteredType { index: VMSharedTypeIndex(8), ty: WasmSubType { is_final: true, supertype: None, composite_type: WasmCompositeType { inner: Func(WasmFuncType { params_results: [I32, I32, I32, I32, I32], params_len: 4, non_i31_gc_ref_params_count: 0, non_i31_gc_ref_results_count: 0 }), shared: false } }, layout: None, .. } })
  wasi_snapshot_preview1:fd_readdir Func(FuncType { registered_type: RegisteredType { index: VMSharedTypeIndex(6), ty: WasmSubType { is_final: true, supertype: None, composite_type: WasmCompositeType { inner: Func(WasmFuncType { params_results: [I32, I32, I32, I64, I32, I32], params_len: 5, non_i31_gc_ref_params_count: 0, non_i31_gc_ref_results_count: 0 }), shared: false } }, layout: None, .. } })
  wasi_snapshot_preview1:fd_seek Func(FuncType { registered_type: RegisteredType { index: VMSharedTypeIndex(9), ty: WasmSubType { is_final: true, supertype: None, composite_type: WasmCompositeType { inner: Func(WasmFuncType { params_results: [I32, I64, I32, I32, I32], params_len: 4, non_i31_gc_ref_params_count: 0, non_i31_gc_ref_results_count: 0 }), shared: false } }, layout: None, .. } })
  wasi_snapshot_preview1:fd_sync Func(FuncType { registered_type: RegisteredType { index: VMSharedTypeIndex(4), ty: WasmSubType { is_final: true, supertype: None, composite_type: WasmCompositeType { inner: Func(WasmFuncType { params_results: [I32, I32], params_len: 1, non_i31_gc_ref_params_count: 0, non_i31_gc_ref_results_count: 0 }), shared: false } }, layout: None, .. } })
  wasi_snapshot_preview1:fd_write Func(FuncType { registered_type: RegisteredType { index: VMSharedTypeIndex(8), ty: WasmSubType { is_final: true, supertype: None, composite_type: WasmCompositeType { inner: Func(WasmFuncType { params_results: [I32, I32, I32, I32, I32], params_len: 4, non_i31_gc_ref_params_count: 0, non_i31_gc_ref_results_count: 0 }), shared: false } }, layout: None, .. } })
  wasi_snapshot_preview1:path_create_directory Func(FuncType { registered_type: RegisteredType { index: VMSharedTypeIndex(7), ty: WasmSubType { is_final: true, supertype: None, composite_type: WasmCompositeType { inner: Func(WasmFuncType { params_results: [I32, I32, I32, I32], params_len: 3, non_i31_gc_ref_params_count: 0, non_i31_gc_ref_results_count: 0 }), shared: false } }, layout: None, .. } })
  wasi_snapshot_preview1:path_filestat_get Func(FuncType { registered_type: RegisteredType { index: VMSharedTypeIndex(10), ty: WasmSubType { is_final: true, supertype: None, composite_type: WasmCompositeType { inner: Func(WasmFuncType { params_results: [I32, I32, I32, I32, I32, I32], params_len: 5, non_i31_gc_ref_params_count: 0, non_i31_gc_ref_results_count: 0 }), shared: false } }, layout: None, .. } })
  wasi_snapshot_preview1:path_open Func(FuncType { registered_type: RegisteredType { index: VMSharedTypeIndex(13), ty: WasmSubType { is_final: true, supertype: None, composite_type: WasmCompositeType { inner: Func(WasmFuncType { params_results: [I32, I32, I32, I32, I32, I64, I64, I32, I32, I32], params_len: 9, non_i31_gc_ref_params_count: 0, non_i31_gc_ref_results_count: 0 }), shared: false } }, layout: None, .. } })
  wasi_snapshot_preview1:path_readlink Func(FuncType { registered_type: RegisteredType { index: VMSharedTypeIndex(14), ty: WasmSubType { is_final: true, supertype: None, composite_type: WasmCompositeType { inner: Func(WasmFuncType { params_results: [I32, I32, I32, I32, I32, I32, I32], params_len: 6, non_i31_gc_ref_params_count: 0, non_i31_gc_ref_results_count: 0 }), shared: false } }, layout: None, .. } })
  wasi_snapshot_preview1:path_remove_directory Func(FuncType { registered_type: RegisteredType { index: VMSharedTypeIndex(7), ty: WasmSubType { is_final: true, supertype: None, composite_type: WasmCompositeType { inner: Func(WasmFuncType { params_results: [I32, I32, I32, I32], params_len: 3, non_i31_gc_ref_params_count: 0, non_i31_gc_ref_results_count: 0 }), shared: false } }, layout: None, .. } })
  wasi_snapshot_preview1:path_rename Func(FuncType { registered_type: RegisteredType { index: VMSharedTypeIndex(14), ty: WasmSubType { is_final: true, supertype: None, composite_type: WasmCompositeType { inner: Func(WasmFuncType { params_results: [I32, I32, I32, I32, I32, I32, I32], params_len: 6, non_i31_gc_ref_params_count: 0, non_i31_gc_ref_results_count: 0 }), shared: false } }, layout: None, .. } })
  wasi_snapshot_preview1:path_unlink_file Func(FuncType { registered_type: RegisteredType { index: VMSharedTypeIndex(7), ty: WasmSubType { is_final: true, supertype: None, composite_type: WasmCompositeType { inner: Func(WasmFuncType { params_results: [I32, I32, I32, I32], params_len: 3, non_i31_gc_ref_params_count: 0, non_i31_gc_ref_results_count: 0 }), shared: false } }, layout: None, .. } })
  wasi_snapshot_preview1:poll_oneoff Func(FuncType { registered_type: RegisteredType { index: VMSharedTypeIndex(8), ty: WasmSubType { is_final: true, supertype: None, composite_type: WasmCompositeType { inner: Func(WasmFuncType { params_results: [I32, I32, I32, I32, I32], params_len: 4, non_i31_gc_ref_params_count: 0, non_i31_gc_ref_results_count: 0 }), shared: false } }, layout: None, .. } })
  wasi_snapshot_preview1:proc_exit Func(FuncType { registered_type: RegisteredType { index: VMSharedTypeIndex(15), ty: WasmSubType { is_final: true, supertype: None, composite_type: WasmCompositeType { inner: Func(WasmFuncType { params_results: [I32], params_len: 1, non_i31_gc_ref_params_count: 0, non_i31_gc_ref_results_count: 0 }), shared: false } }, layout: None, .. } })
  wasi_snapshot_preview1:sched_yield Func(FuncType { registered_type: RegisteredType { index: VMSharedTypeIndex(16), ty: WasmSubType { is_final: true, supertype: None, composite_type: WasmCompositeType { inner: Func(WasmFuncType { params_results: [I32], params_len: 0, non_i31_gc_ref_params_count: 0, non_i31_gc_ref_results_count: 0 }), shared: false } }, layout: None, .. } })
======================================================================================================================
Input Type           | Run   | Clone Time (us)    | Eval Time (us)     | Total Time (us) | Fuel Consumed  
----------------------------------------------------------------------------------------------------------------------
Empty string         | 1     | 486                | 983                | 1826            | 1837799        
Empty string         | 2     | 183                | 1247               | 1552            | 1837799        
Empty string         | 3     | 231                | 782                | 1156            | 1837799        
Empty string         | 4     | 155                | 681                | 943             | 1837799        
Empty string         | 5     | 137                | 656                | 886             | 1837799        
----------------------------------------------------------------------------------------------------------------------
Literal              | 1     | 133                | 956                | 1163            | 1851384        
Literal              | 2     | 228                | 1061               | 1449            | 1851384        
Literal              | 3     | 264                | 891                | 1303            | 1851384        
Literal              | 4     | 169                | 752                | 1050            | 1851384        
Literal              | 5     | 139                | 725                | 962             | 1851384        
----------------------------------------------------------------------------------------------------------------------
Trivial expression   | 1     | 201                | 1061               | 1374            | 1860990        
Trivial expression   | 2     | 156                | 849                | 1125            | 1860990        
Trivial expression   | 3     | 229                | 857                | 1240            | 1860990        
Trivial expression   | 4     | 163                | 761                | 1024            | 1860990        
Trivial expression   | 5     | 142                | 750                | 998             | 1860990        
----------------------------------------------------------------------------------------------------------------------
Console.log          | 1     | 141                | 1157               | 1382            | 1893911        
Console.log          | 2     | 159                | 1235               | 1521            | 1893911        
Console.log          | 3     | 273                | 1279               | 1712            | 1893911        
Console.log          | 4     | 230                | 1317               | 1673            | 1893911        
Console.log          | 5     | 139                | 1477               | 1714            | 1893911        
----------------------------------------------------------------------------------------------------------------------
Loop work            | 1     | 177                | 2731               | 3034            | 8809975        
Loop work            | 2     | 216                | 2383               | 2717            | 8809975        
Loop work            | 3     | 160                | 3057               | 3327            | 8809975        
Loop work            | 4     | 210                | 2417               | 2747            | 8809975        
Loop work            | 5     | 166                | 2695               | 2971            | 8809975        
----------------------------------------------------------------------------------------------------------------------
